{"/Users/octoblu/Projects/Octoblu/nanocyte-component-pass-through/src/pass-through.coffee":{"path":"/Users/octoblu/Projects/Octoblu/nanocyte-component-pass-through/src/pass-through.coffee","s":{"1":1,"2":1,"3":1,"4":1},"b":{},"f":{"1":1,"2":1},"fnMap":{"1":{"name":"PassThrough","line":3,"loc":{"start":{"line":3,"column":6},"end":{"line":3,"column":16}}},"2":{"name":"onEnvelope","line":4,"loc":{"start":{"line":4,"column":2},"end":{"line":4,"column":26}}}},"statementMap":{"1":{"start":{"line":1,"column":0},"end":{"line":1,"column":54}},"2":{"start":{"line":3,"column":0},"end":{"line":6,"column":0}},"3":{"start":{"line":5,"column":4},"end":{"line":5,"column":26}},"4":{"start":{"line":7,"column":0},"end":{"line":7,"column":27}}},"branchMap":{}}}